<?xml version="1.0" encoding="UTF-8"?>
<!-- Generated by org.testng.reporters.JUnitReportReporter -->
<testsuite hostname="LAPTOP-3JRU7OQF" failures="0" tests="2" name="test.testng" time="0.002" errors="0" timestamp="2022-09-23T20:54:12 IST" skipped="0">
  <testcase classname="test.testng" name="Test" time="0.001"/>
  <system-out/>
  <testcase classname="test.testng" name="Test" time="0.001"/>
  <system-out/>
</testsuite> <!-- test.testng -->
