<?xml version="1.0" encoding="UTF-8"?>
<!-- Generated by org.testng.reporters.JUnitReportReporter -->
<testsuite hostname="LAPTOP-3JRU7OQF" failures="0" tests="4" name="test.verifySexOptions" time="11.490" errors="0" timestamp="2022-09-24T15:36:47 IST" skipped="0">
  <testcase classname="test.verifySexOptions" name="verifySexButtons" time="1.223"/>
  <system-out/>
  <testcase classname="test.verifySexOptions" name="verifyCustomButtons" time="4.267"/>
  <system-out/>
  <testcase classname="test.verifySexOptions" name="verifyCustomButtons" time="3.100"/>
  <system-out/>
  <testcase classname="test.verifySexOptions" name="verifySexButtons" time="2.900"/>
  <system-out/>
</testsuite> <!-- test.verifySexOptions -->
